<?xml version="1.0" encoding="UTF-8"?>
<!-- Generated by org.testng.reporters.JUnitReportReporter -->
<testsuite hostname="DESKTOP-23IQLTI" failures="0" tests="2" name="pac1.ContactTest" time="0.024" errors="0" timestamp="03 Mar 2025 10:51:56 GMT" skipped="0">
  <testcase classname="pac1.ContactTest" name="modifyContactTest" time="0.000"/>
  <testcase classname="pac1.ContactTest" name="createContactTest" time="0.024"/>
</testsuite> <!-- pac1.ContactTest -->
